<?xml version="1.0" encoding="UTF-8"?>
<!-- Generated by org.testng.reporters.JUnitXMLReporter -->
<testsuite hostname="DESKTOP-A1D8ILL" ignored="0" name="Test" tests="9" failures="0" timestamp="2021-05-04T09:48:21 IST" time="293.263" errors="0">
  <testcase name="AddEmp_DataProvider" time="25.018" classname="com.qa.orangeHRM.testcases.AddEmpTest"/>
  <testcase name="AddEmp_DataProvider" time="22.527" classname="com.qa.orangeHRM.testcases.AddEmpTest"/>
  <testcase name="AddEmp_DataProvider" time="22.3" classname="com.qa.orangeHRM.testcases.AddEmpTest"/>
  <testcase name="AddEmp_DataProvider" time="23.372" classname="com.qa.orangeHRM.testcases.AddEmpTest"/>
  <testcase name="AddEmp_DataProvider" time="23.289" classname="com.qa.orangeHRM.testcases.AddEmpTest"/>
  <testcase name="AddEmp_DataProvider" time="23.5" classname="com.qa.orangeHRM.testcases.AddEmpTest"/>
  <testcase name="AddEmp_DataProvider" time="23.899" classname="com.qa.orangeHRM.testcases.AddEmpTest"/>
  <testcase name="AddEmp_DataProvider" time="23.497" classname="com.qa.orangeHRM.testcases.AddEmpTest"/>
  <testcase name="AddEmp_DataProvider" time="24.11" classname="com.qa.orangeHRM.testcases.AddEmpTest"/>
</testsuite> <!-- Test -->
