<?xml version="1.0" encoding="UTF-8"?>
<!-- Generated by org.testng.reporters.JUnitXMLReporter -->
<testsuite hostname="DESKTOP-A1D8ILL" ignored="0" name="Test" tests="9" failures="0" timestamp="2021-04-28T18:08:16 IST" time="390.97" errors="0">
  <testcase name="AddEmp_DataProvider" time="26.797" classname="com.qa.orangeHRM.testcases.AddEmpTest"/>
  <testcase name="AddEmp_DataProvider" time="25.774" classname="com.qa.orangeHRM.testcases.AddEmpTest"/>
  <testcase name="AddEmp_DataProvider" time="26.507" classname="com.qa.orangeHRM.testcases.AddEmpTest"/>
  <testcase name="AddEmp_DataProvider" time="36.644" classname="com.qa.orangeHRM.testcases.AddEmpTest"/>
  <testcase name="AddEmp_DataProvider" time="30.261" classname="com.qa.orangeHRM.testcases.AddEmpTest"/>
  <testcase name="AddEmp_DataProvider" time="27.479" classname="com.qa.orangeHRM.testcases.AddEmpTest"/>
  <testcase name="AddEmp_DataProvider" time="30.435" classname="com.qa.orangeHRM.testcases.AddEmpTest"/>
  <testcase name="AddEmp_DataProvider" time="31.059" classname="com.qa.orangeHRM.testcases.AddEmpTest"/>
  <testcase name="AddEmp_DataProvider" time="30.357" classname="com.qa.orangeHRM.testcases.AddEmpTest"/>
</testsuite> <!-- Test -->
