<?xml version="1.0" encoding="UTF-8"?>
<testsuite name="Test"
           tests="9"
           failures="0"
           errors="0"
           skipped="0"
           time="211.512">
    <properties></properties>



            <testcase
                name="AddEmp_DataProvider"
                time="23.500"
                classname="com.qa.orangeHRM.testcases.AddEmpTest">
            </testcase>
            <testcase
                name="AddEmp_DataProvider"
                time="23.372"
                classname="com.qa.orangeHRM.testcases.AddEmpTest">
            </testcase>
            <testcase
                name="AddEmp_DataProvider"
                time="23.497"
                classname="com.qa.orangeHRM.testcases.AddEmpTest">
            </testcase>
            <testcase
                name="AddEmp_DataProvider"
                time="25.018"
                classname="com.qa.orangeHRM.testcases.AddEmpTest">
            </testcase>
            <testcase
                name="AddEmp_DataProvider"
                time="23.289"
                classname="com.qa.orangeHRM.testcases.AddEmpTest">
            </testcase>
            <testcase
                name="AddEmp_DataProvider"
                time="22.300"
                classname="com.qa.orangeHRM.testcases.AddEmpTest">
            </testcase>
            <testcase
                name="AddEmp_DataProvider"
                time="23.899"
                classname="com.qa.orangeHRM.testcases.AddEmpTest">
            </testcase>
            <testcase
                name="AddEmp_DataProvider"
                time="22.527"
                classname="com.qa.orangeHRM.testcases.AddEmpTest">
            </testcase>
            <testcase
                name="AddEmp_DataProvider"
                time="24.110"
                classname="com.qa.orangeHRM.testcases.AddEmpTest">
            </testcase>
</testsuite>
