<?xml version="1.0" encoding="UTF-8"?>
<testng-results skipped="0" failed="0" ignored="0" total="9" passed="9">
  <reporter-output>
  </reporter-output>
  <suite name="Suite" duration-ms="390970" started-at="2021-04-28T18:01:45 IST" finished-at="2021-04-28T18:08:16 IST">
    <groups>
    </groups>
    <test name="Test" duration-ms="390970" started-at="2021-04-28T18:01:45 IST" finished-at="2021-04-28T18:08:16 IST">
      <class name="com.qa.orangeHRM.testcases.AddEmpTest">
        <test-method status="PASS" signature="beforeSuite()[pri:0, instance:com.qa.orangeHRM.testcases.AddEmpTest@5d7148e2]" name="beforeSuite" is-config="true" duration-ms="178" started-at="2021-04-28T18:01:45 IST" finished-at="2021-04-28T18:01:45 IST">
          <reporter-output>
          </reporter-output>
        </test-method> <!-- beforeSuite -->
        <test-method status="PASS" signature="beforeTest()[pri:0, instance:com.qa.orangeHRM.testcases.AddEmpTest@5d7148e2]" name="beforeTest" is-config="true" duration-ms="0" started-at="2021-04-28T18:01:45 IST" finished-at="2021-04-28T18:01:45 IST">
          <reporter-output>
          </reporter-output>
        </test-method> <!-- beforeTest -->
        <test-method status="PASS" signature="beforeClass()[pri:0, instance:com.qa.orangeHRM.testcases.AddEmpTest@5d7148e2]" name="beforeClass" is-config="true" duration-ms="0" started-at="2021-04-28T18:01:45 IST" finished-at="2021-04-28T18:01:45 IST">
          <reporter-output>
          </reporter-output>
        </test-method> <!-- beforeClass -->
        <test-method status="PASS" signature="beforeMethod(java.lang.String,java.lang.reflect.Method)[pri:0, instance:com.qa.orangeHRM.testcases.AddEmpTest@5d7148e2]" name="beforeMethod" is-config="true" duration-ms="20356" started-at="2021-04-28T18:01:46 IST" finished-at="2021-04-28T18:02:06 IST">
          <params>
            <param index="0">
              <value>
                <![CDATA[Chrome]]>
              </value>
            </param>
            <param index="1">
              <value>
                <![CDATA[public void com.qa.orangeHRM.testcases.AddEmpTest.AddEmp_DataProvider(java.lang.String,java.lang.String,java.lang.String) throws java.lang.Exception]]>
              </value>
            </param>
          </params>
          <reporter-output>
          </reporter-output>
        </test-method> <!-- beforeMethod -->
        <test-method status="PASS" signature="AddEmp_DataProvider(java.lang.String,java.lang.String,java.lang.String)[pri:0, instance:com.qa.orangeHRM.testcases.AddEmpTest@5d7148e2]" name="AddEmp_DataProvider" duration-ms="26797" started-at="2021-04-28T18:02:06 IST" description="It performs add new employee operation" data-provider="EmpDetails" finished-at="2021-04-28T18:02:33 IST">
          <params>
            <param index="0">
              <value>
                <![CDATA[Peter]]>
              </value>
            </param>
            <param index="1">
              <value>
                <![CDATA[R]]>
              </value>
            </param>
            <param index="2">
              <value>
                <![CDATA[Ray]]>
              </value>
            </param>
          </params>
          <reporter-output>
          </reporter-output>
        </test-method> <!-- AddEmp_DataProvider -->
        <test-method status="PASS" signature="afterMethod()[pri:0, instance:com.qa.orangeHRM.testcases.AddEmpTest@5d7148e2]" name="afterMethod" is-config="true" duration-ms="918" started-at="2021-04-28T18:02:33 IST" finished-at="2021-04-28T18:02:34 IST">
          <reporter-output>
          </reporter-output>
        </test-method> <!-- afterMethod -->
        <test-method status="PASS" signature="beforeMethod(java.lang.String,java.lang.reflect.Method)[pri:0, instance:com.qa.orangeHRM.testcases.AddEmpTest@5d7148e2]" name="beforeMethod" is-config="true" duration-ms="8954" started-at="2021-04-28T18:02:34 IST" finished-at="2021-04-28T18:02:43 IST">
          <params>
            <param index="0">
              <value>
                <![CDATA[Chrome]]>
              </value>
            </param>
            <param index="1">
              <value>
                <![CDATA[public void com.qa.orangeHRM.testcases.AddEmpTest.AddEmp_DataProvider(java.lang.String,java.lang.String,java.lang.String) throws java.lang.Exception]]>
              </value>
            </param>
          </params>
          <reporter-output>
          </reporter-output>
        </test-method> <!-- beforeMethod -->
        <test-method status="PASS" signature="AddEmp_DataProvider(java.lang.String,java.lang.String,java.lang.String)[pri:0, instance:com.qa.orangeHRM.testcases.AddEmpTest@5d7148e2]" name="AddEmp_DataProvider" duration-ms="25774" started-at="2021-04-28T18:02:43 IST" description="It performs add new employee operation" data-provider="EmpDetails" finished-at="2021-04-28T18:03:09 IST">
          <params>
            <param index="0">
              <value>
                <![CDATA[Alex]]>
              </value>
            </param>
            <param index="1">
              <value>
                <![CDATA[D]]>
              </value>
            </param>
            <param index="2">
              <value>
                <![CDATA[Thomas]]>
              </value>
            </param>
          </params>
          <reporter-output>
          </reporter-output>
        </test-method> <!-- AddEmp_DataProvider -->
        <test-method status="PASS" signature="afterMethod()[pri:0, instance:com.qa.orangeHRM.testcases.AddEmpTest@5d7148e2]" name="afterMethod" is-config="true" duration-ms="1022" started-at="2021-04-28T18:03:09 IST" finished-at="2021-04-28T18:03:10 IST">
          <reporter-output>
          </reporter-output>
        </test-method> <!-- afterMethod -->
        <test-method status="PASS" signature="beforeMethod(java.lang.String,java.lang.reflect.Method)[pri:0, instance:com.qa.orangeHRM.testcases.AddEmpTest@5d7148e2]" name="beforeMethod" is-config="true" duration-ms="9586" started-at="2021-04-28T18:03:10 IST" finished-at="2021-04-28T18:03:19 IST">
          <params>
            <param index="0">
              <value>
                <![CDATA[Chrome]]>
              </value>
            </param>
            <param index="1">
              <value>
                <![CDATA[public void com.qa.orangeHRM.testcases.AddEmpTest.AddEmp_DataProvider(java.lang.String,java.lang.String,java.lang.String) throws java.lang.Exception]]>
              </value>
            </param>
          </params>
          <reporter-output>
          </reporter-output>
        </test-method> <!-- beforeMethod -->
        <test-method status="PASS" signature="AddEmp_DataProvider(java.lang.String,java.lang.String,java.lang.String)[pri:0, instance:com.qa.orangeHRM.testcases.AddEmpTest@5d7148e2]" name="AddEmp_DataProvider" duration-ms="26507" started-at="2021-04-28T18:03:19 IST" description="It performs add new employee operation" data-provider="EmpDetails" finished-at="2021-04-28T18:03:46 IST">
          <params>
            <param index="0">
              <value>
                <![CDATA[Rose]]>
              </value>
            </param>
            <param index="1">
              <value>
                <![CDATA[L]]>
              </value>
            </param>
            <param index="2">
              <value>
                <![CDATA[Russel]]>
              </value>
            </param>
          </params>
          <reporter-output>
          </reporter-output>
        </test-method> <!-- AddEmp_DataProvider -->
        <test-method status="PASS" signature="afterMethod()[pri:0, instance:com.qa.orangeHRM.testcases.AddEmpTest@5d7148e2]" name="afterMethod" is-config="true" duration-ms="804" started-at="2021-04-28T18:03:46 IST" finished-at="2021-04-28T18:03:47 IST">
          <reporter-output>
          </reporter-output>
        </test-method> <!-- afterMethod -->
        <test-method status="PASS" signature="beforeMethod(java.lang.String,java.lang.reflect.Method)[pri:0, instance:com.qa.orangeHRM.testcases.AddEmpTest@5d7148e2]" name="beforeMethod" is-config="true" duration-ms="9785" started-at="2021-04-28T18:03:47 IST" finished-at="2021-04-28T18:03:56 IST">
          <params>
            <param index="0">
              <value>
                <![CDATA[Chrome]]>
              </value>
            </param>
            <param index="1">
              <value>
                <![CDATA[public void com.qa.orangeHRM.testcases.AddEmpTest.AddEmp_DataProvider(java.lang.String,java.lang.String,java.lang.String) throws java.lang.Exception]]>
              </value>
            </param>
          </params>
          <reporter-output>
          </reporter-output>
        </test-method> <!-- beforeMethod -->
        <test-method status="PASS" signature="AddEmp_DataProvider(java.lang.String,java.lang.String,java.lang.String)[pri:0, instance:com.qa.orangeHRM.testcases.AddEmpTest@5d7148e2]" name="AddEmp_DataProvider" duration-ms="36644" started-at="2021-04-28T18:03:56 IST" description="It performs add new employee operation" data-provider="EmpDetails" finished-at="2021-04-28T18:04:33 IST">
          <params>
            <param index="0">
              <value>
                <![CDATA[Monica]]>
              </value>
            </param>
            <param index="1">
              <value>
                <![CDATA[K]]>
              </value>
            </param>
            <param index="2">
              <value>
                <![CDATA[Clarie]]>
              </value>
            </param>
          </params>
          <reporter-output>
          </reporter-output>
        </test-method> <!-- AddEmp_DataProvider -->
        <test-method status="PASS" signature="afterMethod()[pri:0, instance:com.qa.orangeHRM.testcases.AddEmpTest@5d7148e2]" name="afterMethod" is-config="true" duration-ms="2492" started-at="2021-04-28T18:04:33 IST" finished-at="2021-04-28T18:04:36 IST">
          <reporter-output>
          </reporter-output>
        </test-method> <!-- afterMethod -->
        <test-method status="PASS" signature="beforeMethod(java.lang.String,java.lang.reflect.Method)[pri:0, instance:com.qa.orangeHRM.testcases.AddEmpTest@5d7148e2]" name="beforeMethod" is-config="true" duration-ms="11666" started-at="2021-04-28T18:04:36 IST" finished-at="2021-04-28T18:04:47 IST">
          <params>
            <param index="0">
              <value>
                <![CDATA[Chrome]]>
              </value>
            </param>
            <param index="1">
              <value>
                <![CDATA[public void com.qa.orangeHRM.testcases.AddEmpTest.AddEmp_DataProvider(java.lang.String,java.lang.String,java.lang.String) throws java.lang.Exception]]>
              </value>
            </param>
          </params>
          <reporter-output>
          </reporter-output>
        </test-method> <!-- beforeMethod -->
        <test-method status="PASS" signature="AddEmp_DataProvider(java.lang.String,java.lang.String,java.lang.String)[pri:0, instance:com.qa.orangeHRM.testcases.AddEmpTest@5d7148e2]" name="AddEmp_DataProvider" duration-ms="30261" started-at="2021-04-28T18:04:47 IST" description="It performs add new employee operation" data-provider="EmpDetails" finished-at="2021-04-28T18:05:18 IST">
          <params>
            <param index="0">
              <value>
                <![CDATA[Jasmin]]>
              </value>
            </param>
            <param index="1">
              <value>
                <![CDATA[S]]>
              </value>
            </param>
            <param index="2">
              <value>
                <![CDATA[Predeta]]>
              </value>
            </param>
          </params>
          <reporter-output>
          </reporter-output>
        </test-method> <!-- AddEmp_DataProvider -->
        <test-method status="PASS" signature="afterMethod()[pri:0, instance:com.qa.orangeHRM.testcases.AddEmpTest@5d7148e2]" name="afterMethod" is-config="true" duration-ms="1040" started-at="2021-04-28T18:05:18 IST" finished-at="2021-04-28T18:05:19 IST">
          <reporter-output>
          </reporter-output>
        </test-method> <!-- afterMethod -->
        <test-method status="PASS" signature="beforeMethod(java.lang.String,java.lang.reflect.Method)[pri:0, instance:com.qa.orangeHRM.testcases.AddEmpTest@5d7148e2]" name="beforeMethod" is-config="true" duration-ms="17642" started-at="2021-04-28T18:05:19 IST" finished-at="2021-04-28T18:05:36 IST">
          <params>
            <param index="0">
              <value>
                <![CDATA[Chrome]]>
              </value>
            </param>
            <param index="1">
              <value>
                <![CDATA[public void com.qa.orangeHRM.testcases.AddEmpTest.AddEmp_DataProvider(java.lang.String,java.lang.String,java.lang.String) throws java.lang.Exception]]>
              </value>
            </param>
          </params>
          <reporter-output>
          </reporter-output>
        </test-method> <!-- beforeMethod -->
        <test-method status="PASS" signature="AddEmp_DataProvider(java.lang.String,java.lang.String,java.lang.String)[pri:0, instance:com.qa.orangeHRM.testcases.AddEmpTest@5d7148e2]" name="AddEmp_DataProvider" duration-ms="27479" started-at="2021-04-28T18:05:36 IST" description="It performs add new employee operation" data-provider="EmpDetails" finished-at="2021-04-28T18:06:04 IST">
          <params>
            <param index="0">
              <value>
                <![CDATA[Eric]]>
              </value>
            </param>
            <param index="1">
              <value>
                <![CDATA[P]]>
              </value>
            </param>
            <param index="2">
              <value>
                <![CDATA[Singha]]>
              </value>
            </param>
          </params>
          <reporter-output>
          </reporter-output>
        </test-method> <!-- AddEmp_DataProvider -->
        <test-method status="PASS" signature="afterMethod()[pri:0, instance:com.qa.orangeHRM.testcases.AddEmpTest@5d7148e2]" name="afterMethod" is-config="true" duration-ms="970" started-at="2021-04-28T18:06:04 IST" finished-at="2021-04-28T18:06:05 IST">
          <reporter-output>
          </reporter-output>
        </test-method> <!-- afterMethod -->
        <test-method status="PASS" signature="beforeMethod(java.lang.String,java.lang.reflect.Method)[pri:0, instance:com.qa.orangeHRM.testcases.AddEmpTest@5d7148e2]" name="beforeMethod" is-config="true" duration-ms="10555" started-at="2021-04-28T18:06:05 IST" finished-at="2021-04-28T18:06:15 IST">
          <params>
            <param index="0">
              <value>
                <![CDATA[Chrome]]>
              </value>
            </param>
            <param index="1">
              <value>
                <![CDATA[public void com.qa.orangeHRM.testcases.AddEmpTest.AddEmp_DataProvider(java.lang.String,java.lang.String,java.lang.String) throws java.lang.Exception]]>
              </value>
            </param>
          </params>
          <reporter-output>
          </reporter-output>
        </test-method> <!-- beforeMethod -->
        <test-method status="PASS" signature="AddEmp_DataProvider(java.lang.String,java.lang.String,java.lang.String)[pri:0, instance:com.qa.orangeHRM.testcases.AddEmpTest@5d7148e2]" name="AddEmp_DataProvider" duration-ms="30435" started-at="2021-04-28T18:06:15 IST" description="It performs add new employee operation" data-provider="EmpDetails" finished-at="2021-04-28T18:06:46 IST">
          <params>
            <param index="0">
              <value>
                <![CDATA[Jonathan]]>
              </value>
            </param>
            <param index="1">
              <value>
                <![CDATA[K]]>
              </value>
            </param>
            <param index="2">
              <value>
                <![CDATA[Paul]]>
              </value>
            </param>
          </params>
          <reporter-output>
          </reporter-output>
        </test-method> <!-- AddEmp_DataProvider -->
        <test-method status="PASS" signature="afterMethod()[pri:0, instance:com.qa.orangeHRM.testcases.AddEmpTest@5d7148e2]" name="afterMethod" is-config="true" duration-ms="971" started-at="2021-04-28T18:06:46 IST" finished-at="2021-04-28T18:06:47 IST">
          <reporter-output>
          </reporter-output>
        </test-method> <!-- afterMethod -->
        <test-method status="PASS" signature="beforeMethod(java.lang.String,java.lang.reflect.Method)[pri:0, instance:com.qa.orangeHRM.testcases.AddEmpTest@5d7148e2]" name="beforeMethod" is-config="true" duration-ms="13871" started-at="2021-04-28T18:06:47 IST" finished-at="2021-04-28T18:07:01 IST">
          <params>
            <param index="0">
              <value>
                <![CDATA[Chrome]]>
              </value>
            </param>
            <param index="1">
              <value>
                <![CDATA[public void com.qa.orangeHRM.testcases.AddEmpTest.AddEmp_DataProvider(java.lang.String,java.lang.String,java.lang.String) throws java.lang.Exception]]>
              </value>
            </param>
          </params>
          <reporter-output>
          </reporter-output>
        </test-method> <!-- beforeMethod -->
        <test-method status="PASS" signature="AddEmp_DataProvider(java.lang.String,java.lang.String,java.lang.String)[pri:0, instance:com.qa.orangeHRM.testcases.AddEmpTest@5d7148e2]" name="AddEmp_DataProvider" duration-ms="31059" started-at="2021-04-28T18:07:01 IST" description="It performs add new employee operation" data-provider="EmpDetails" finished-at="2021-04-28T18:07:32 IST">
          <params>
            <param index="0">
              <value>
                <![CDATA[Lisa]]>
              </value>
            </param>
            <param index="1">
              <value>
                <![CDATA[K]]>
              </value>
            </param>
            <param index="2">
              <value>
                <![CDATA[Andrew]]>
              </value>
            </param>
          </params>
          <reporter-output>
          </reporter-output>
        </test-method> <!-- AddEmp_DataProvider -->
        <test-method status="PASS" signature="afterMethod()[pri:0, instance:com.qa.orangeHRM.testcases.AddEmpTest@5d7148e2]" name="afterMethod" is-config="true" duration-ms="944" started-at="2021-04-28T18:07:32 IST" finished-at="2021-04-28T18:07:33 IST">
          <reporter-output>
          </reporter-output>
        </test-method> <!-- afterMethod -->
        <test-method status="PASS" signature="beforeMethod(java.lang.String,java.lang.reflect.Method)[pri:0, instance:com.qa.orangeHRM.testcases.AddEmpTest@5d7148e2]" name="beforeMethod" is-config="true" duration-ms="12049" started-at="2021-04-28T18:07:33 IST" finished-at="2021-04-28T18:07:45 IST">
          <params>
            <param index="0">
              <value>
                <![CDATA[Chrome]]>
              </value>
            </param>
            <param index="1">
              <value>
                <![CDATA[public void com.qa.orangeHRM.testcases.AddEmpTest.AddEmp_DataProvider(java.lang.String,java.lang.String,java.lang.String) throws java.lang.Exception]]>
              </value>
            </param>
          </params>
          <reporter-output>
          </reporter-output>
        </test-method> <!-- beforeMethod -->
        <test-method status="PASS" signature="AddEmp_DataProvider(java.lang.String,java.lang.String,java.lang.String)[pri:0, instance:com.qa.orangeHRM.testcases.AddEmpTest@5d7148e2]" name="AddEmp_DataProvider" duration-ms="30357" started-at="2021-04-28T18:07:45 IST" description="It performs add new employee operation" data-provider="EmpDetails" finished-at="2021-04-28T18:08:15 IST">
          <params>
            <param index="0">
              <value>
                <![CDATA[Kelvin]]>
              </value>
            </param>
            <param index="1">
              <value>
                <![CDATA[B]]>
              </value>
            </param>
            <param index="2">
              <value>
                <![CDATA[Jackson]]>
              </value>
            </param>
          </params>
          <reporter-output>
          </reporter-output>
        </test-method> <!-- AddEmp_DataProvider -->
        <test-method status="PASS" signature="afterMethod()[pri:0, instance:com.qa.orangeHRM.testcases.AddEmpTest@5d7148e2]" name="afterMethod" is-config="true" duration-ms="960" started-at="2021-04-28T18:08:15 IST" finished-at="2021-04-28T18:08:16 IST">
          <reporter-output>
          </reporter-output>
        </test-method> <!-- afterMethod -->
        <test-method status="PASS" signature="afterTest()[pri:0, instance:com.qa.orangeHRM.testcases.AddEmpTest@5d7148e2]" name="afterTest" is-config="true" duration-ms="0" started-at="2021-04-28T18:08:16 IST" finished-at="2021-04-28T18:08:16 IST">
          <reporter-output>
          </reporter-output>
        </test-method> <!-- afterTest -->
        <test-method status="PASS" signature="afterClass()[pri:0, instance:com.qa.orangeHRM.testcases.AddEmpTest@5d7148e2]" name="afterClass" is-config="true" duration-ms="0" started-at="2021-04-28T18:08:16 IST" finished-at="2021-04-28T18:08:16 IST">
          <reporter-output>
          </reporter-output>
        </test-method> <!-- afterClass -->
        <test-method status="PASS" signature="afterSuite()[pri:0, instance:com.qa.orangeHRM.testcases.AddEmpTest@5d7148e2]" name="afterSuite" is-config="true" duration-ms="658" started-at="2021-04-28T18:08:16 IST" finished-at="2021-04-28T18:08:17 IST">
          <reporter-output>
          </reporter-output>
        </test-method> <!-- afterSuite -->
      </class> <!-- com.qa.orangeHRM.testcases.AddEmpTest -->
    </test> <!-- Test -->
  </suite> <!-- Suite -->
</testng-results>
